<?xml version="1.0" encoding="UTF-8"?>
<!-- Generated by org.testng.reporters.JUnitXMLReporter -->
<testsuite ignored="1" hostname="Admin-PC" failures="0" tests="4" name="Default test" time="46.329" errors="0" timestamp="2023-06-27T14:31:24 IST">
  <testcase classname="mainframepackage.MainworkcreationClass" name="BrowserLaunch" time="14.945"/>
  <testcase classname="mainframepackage.MainworkcreationClass" name="Login" time="5.281"/>
  <testcase classname="mainframepackage.MainworkcreationClass" name="CandidateRegistration" time="16.354"/>
  <testcase classname="mainframepackage.MainworkcreationClass" name="ResumeUpload" time="8.252"/>
  <testcase classname="mainframepackage.MainworkcreationClass" name="CandidateSource" time="0.0">
    <ignored/>
  </testcase> <!-- CandidateSource -->
</testsuite> <!-- Default test -->
